#
# There is insufficient memory for the Java Runtime Environment to continue.
# Native memory allocation (malloc) failed to allocate 32744 bytes for ChunkPool::allocate
# Possible reasons:
#   The system is out of physical RAM or swap space
#   In 32 bit mode, the process size limit was hit
# Possible solutions:
#   Reduce memory load on the system
#   Increase physical memory or swap space
#   Check if swap backing store is full
#   Use 64 bit Java on a 64 bit OS
#   Decrease Java heap size (-Xmx/-Xms)
#   Decrease number of Java threads
#   Decrease Java thread stack sizes (-Xss)
#   Set larger code cache with -XX:ReservedCodeCacheSize=
# This output file may be truncated or incomplete.
#
#  Out of Memory Error (allocation.cpp:273), pid=14164, tid=20496
#
# JRE version: Java(TM) SE Runtime Environment (8.0_25-b18) (build 1.8.0_25-b18)
# Java VM: Java HotSpot(TM) 64-Bit Server VM (25.25-b02 mixed mode windows-amd64 compressed oops)
# Failed to write core dump. Minidumps are not enabled by default on client versions of Windows
#

---------------  T H R E A D  ---------------

Current thread (0x0000000016df0800):  JavaThread "C1 CompilerThread2" daemon [_thread_in_vm, id=20496, stack(0x00000000171e0000,0x00000000172e0000)]

Stack: [0x00000000171e0000,0x00000000172e0000]
Native frames: (J=compiled Java code, j=interpreted, Vv=VM code, C=native code)
V  [jvm.dll+0x31667a]


---------------  P R O C E S S  ---------------

Java Threads: ( => current thread )
  0x0000000016e5d800 JavaThread "Service Thread" daemon [_thread_blocked, id=26216, stack(0x0000000017ae0000,0x0000000017be0000)]
=>0x0000000016df0800 JavaThread "C1 CompilerThread2" daemon [_thread_in_vm, id=20496, stack(0x00000000171e0000,0x00000000172e0000)]
  0x00000000156ee000 JavaThread "C2 CompilerThread1" daemon [_thread_blocked, id=29864, stack(0x0000000016ce0000,0x0000000016de0000)]
  0x00000000156e8800 JavaThread "C2 CompilerThread0" daemon [_thread_blocked, id=3732, stack(0x0000000016be0000,0x0000000016ce0000)]
  0x000000001569e000 JavaThread "Attach Listener" daemon [_thread_blocked, id=13196, stack(0x0000000016ae0000,0x0000000016be0000)]
  0x000000001569d000 JavaThread "Signal Dispatcher" daemon [_thread_blocked, id=35080, stack(0x00000000169e0000,0x0000000016ae0000)]
  0x0000000003066000 JavaThread "Finalizer" daemon [_thread_blocked, id=35940, stack(0x00000000168e0000,0x00000000169e0000)]
  0x000000000305d000 JavaThread "Reference Handler" daemon [_thread_blocked, id=33528, stack(0x00000000167e0000,0x00000000168e0000)]
  0x000000000137d800 JavaThread "main" [_thread_in_vm, id=30832, stack(0x0000000002e70000,0x0000000002f70000)]

Other Threads:
  0x0000000015656000 VMThread [stack: 0x00000000166e0000,0x00000000167e0000] [id=6936]

VM state:not at safepoint (normal execution)

VM Mutex/Monitor currently owned by a thread:  ([mutex/lock_event])
[0x000000000137c820] PerfDataManager_lock - owner thread: 0x000000000137d800

Heap:
 PSYoungGen      total 2048K, used 833K [0x00000000eb200000, 0x00000000eb480000, 0x0000000100000000)
  eden space 1536K, 54% used [0x00000000eb200000,0x00000000eb2d0550,0x00000000eb380000)
  from space 512K, 0% used [0x00000000eb400000,0x00000000eb400000,0x00000000eb480000)
  to   space 512K, 0% used [0x00000000eb380000,0x00000000eb380000,0x00000000eb400000)
 ParOldGen       total 5632K, used 0K [0x00000000c1600000, 0x00000000c1b80000, 0x00000000eb200000)
  object space 5632K, 0% used [0x00000000c1600000,0x00000000c1600000,0x00000000c1b80000)
 Metaspace       used 2245K, capacity 4480K, committed 4480K, reserved 1056768K
  class space    used 242K, capacity 384K, committed 384K, reserved 1048576K

Card table byte_map: [0x0000000012430000,0x0000000012630000] byte_map_base: 0x0000000011e25000

Marking Bits: (ParMarkBitMap*) 0x00000000700fd490
 Begin Bits: [0x0000000012b80000, 0x0000000013b28000)
 End Bits:   [0x0000000013b28000, 0x0000000014ad0000)

Polling page: 0x0000000001360000

CodeCache: size=245760Kb used=1045Kb max_used=1056Kb free=244714Kb
 bounds [0x0000000003070000, 0x00000000032e0000, 0x0000000012070000]
 total_blobs=202 nmethods=0 adapters=135
 compilation: enabled

Compilation events (0 events):
No events

GC Heap History (0 events):
No events

Deoptimization events (0 events):
No events

Internal exceptions (2 events):
Event: 0.028 Thread 0x000000000137d800 Exception <a 'java/lang/NoSuchMethodError': Method sun.misc.Unsafe.defineClass(Ljava/lang/String;[BII)Ljava/lang/Class; name or signature does not match> (0x00000000eb219f98) thrown at [D:\re\workspace\8-2-build-windows-amd64-cygwin\jdk8u25\1677\hotspot\sr2nÕ>ù?
Event: 0.028 Thread 0x000000000137d800 Exception <a 'java/lang/NoSuchMethodError': Method sun.misc.Unsafe.prefetchRead(Ljava/lang/Object;J)V name or signature does not match> (0x00000000eb21a228) thrown at [D:\re\workspace\8-2-build-windows-amd64-cygwin\jdk8u25\1677\hotspot\src\share\vm\prims\j

Events (10 events):
Event: 0.077 loading class sun/misc/Launcher$AppClassLoader$1 done
Event: 0.078 loading class java/lang/SystemClassLoaderAction
Event: 0.078 loading class java/lang/SystemClassLoaderAction done
Event: 0.078 Thread 0x000000001569d000 Thread added: 0x000000001569d000
Event: 0.078 Thread 0x000000001569e000 Thread added: 0x000000001569e000
Event: 0.078 Thread 0x00000000156e8800 Thread added: 0x00000000156e8800
Event: 0.079 Thread 0x00000000156ee000 Thread added: 0x00000000156ee000
Event: 0.079 Thread 0x0000000016df0800 Thread added: 0x0000000016df0800
Event: 0.079 loading class java/lang/invoke/MethodHandleImpl
Event: 0.079 loading class java/lang/invoke/MethodHandleImpl done


Dynamic libraries:
0x00007ff62c060000 - 0x00007ff62c067000 	C:\Program Files\Java\jdk1.8.0_25\bin\jps.exe
0x00007fff6bcf0000 - 0x00007fff6beb2000 	C:\Windows\SYSTEM32\ntdll.dll
0x00007fff69d60000 - 0x00007fff69e0d000 	C:\Windows\system32\KERNEL32.DLL
0x00007fff69110000 - 0x00007fff692ed000 	C:\Windows\system32\KERNELBASE.dll
0x000000006f730000 - 0x000000006f75c000 	C:\Program Files\Java\jdk1.8.0_25\bin\jli.dll
0x000000006f5c0000 - 0x000000006f692000 	C:\Program Files\Java\jdk1.8.0_25\bin\MSVCR100.dll
0x00007fff69560000 - 0x00007fff69606000 	C:\Windows\system32\ADVAPI32.dll
0x00007fff6ba60000 - 0x00007fff6bafd000 	C:\Windows\system32\msvcrt.dll
0x00007fff6b920000 - 0x00007fff6b97b000 	C:\Windows\system32\sechost.dll
0x00007fff69670000 - 0x00007fff69796000 	C:\Windows\system32\RPCRT4.dll
0x00007fff698f0000 - 0x00007fff69a3e000 	C:\Windows\system32\USER32.dll
0x00007fff6b340000 - 0x00007fff6b4c3000 	C:\Windows\system32\GDI32.dll
0x00007fff653e0000 - 0x00007fff65654000 	C:\Windows\WinSxS\amd64_microsoft.windows.common-controls_6595b64144ccf1df_6.0.10240.17184_none_f41d7a705752bce6\COMCTL32.dll
0x00007fff69d20000 - 0x00007fff69d56000 	C:\Windows\system32\IMM32.DLL
0x00007fff6b530000 - 0x00007fff6b68c000 	C:\Windows\system32\MSCTF.dll
0x00007fff68610000 - 0x00007fff68640000 	C:\Windows\system32\nvinitx.dll
0x00007fff68600000 - 0x00007fff6860a000 	C:\Windows\SYSTEM32\VERSION.dll
0x00007fff69e10000 - 0x00007fff6b333000 	C:\Windows\system32\Shell32.dll
0x00007fff68ae0000 - 0x00007fff69109000 	C:\Windows\system32\windows.storage.dll
0x00007fff6b690000 - 0x00007fff6b90c000 	C:\Windows\system32\combase.dll
0x00007fff69610000 - 0x00007fff69661000 	C:\Windows\system32\shlwapi.dll
0x00007fff68710000 - 0x00007fff6871f000 	C:\Windows\system32\kernel.appcore.dll
0x00007fff692f0000 - 0x00007fff693a3000 	C:\Windows\system32\shcore.dll
0x00007fff68760000 - 0x00007fff687aa000 	C:\Windows\system32\powrprof.dll
0x00007fff68740000 - 0x00007fff68753000 	C:\Windows\system32\profapi.dll
0x0000000071a50000 - 0x0000000071a56000 	C:\Program Files\NVIDIA Corporation\CoProcManager\_etoured.dll
0x00007fff66a30000 - 0x00007fff66a6b000 	C:\Program Files\NVIDIA Corporation\CoProcManager\nvd3d9wrapx.dll
0x00007fff69aa0000 - 0x00007fff69c65000 	C:\Windows\system32\SETUPAPI.dll
0x00007fff68a90000 - 0x00007fff68ad4000 	C:\Windows\system32\CFGMGR32.dll
0x00007fff669d0000 - 0x00007fff669f4000 	C:\Program Files\NVIDIA Corporation\CoProcManager\nvdxgiwrapx.dll
0x0000000070180000 - 0x0000000070252000 	C:\Program Files\Java\jdk1.8.0_25\jre\bin\msvcr100.dll
0x000000006f920000 - 0x000000007017a000 	C:\Program Files\Java\jdk1.8.0_25\jre\bin\server\jvm.dll
0x00007fff6b910000 - 0x00007fff6b918000 	C:\Windows\system32\PSAPI.DLL
0x00007fff659b0000 - 0x00007fff659b9000 	C:\Windows\SYSTEM32\WSOCK32.dll
0x00007fff66970000 - 0x00007fff66993000 	C:\Windows\SYSTEM32\WINMM.dll
0x00007fff6bb20000 - 0x00007fff6bb89000 	C:\Windows\system32\WS2_32.dll
0x00007fff6bce0000 - 0x00007fff6bce8000 	C:\Windows\system32\NSI.dll
0x00000000013b0000 - 0x00000000013dc000 	C:\Windows\SYSTEM32\WINMMBASE.dll
0x00007fff66fb0000 - 0x00007fff66fd7000 	C:\Windows\SYSTEM32\DEVOBJ.dll
0x000000006f910000 - 0x000000006f91f000 	C:\Program Files\Java\jdk1.8.0_25\jre\bin\verify.dll
0x000000006f8e0000 - 0x000000006f908000 	C:\Program Files\Java\jdk1.8.0_25\jre\bin\java.dll
0x000000006f890000 - 0x000000006f8a6000 	C:\Program Files\Java\jdk1.8.0_25\jre\bin\zip.dll
0x00007fff505f0000 - 0x00007fff5077a000 	C:\Windows\SYSTEM32\dbghelp.dll

VM Arguments:
jvm_args: -Denv.class.path=.;C:\Program Files\Java\jdk1.8.0_25\lib\dt.jar;C:\Program Files\Java\jdk1.8.0_25\lib\tools.jar -Dapplication.home=C:\Program Files\Java\jdk1.8.0_25 -Xms8m 
java_command: sun.tools.jps.Jps -l
java_class_path (initial): C:\Program Files\Java\jdk1.8.0_25/lib/tools.jar;C:\Program Files\Java\jdk1.8.0_25/classes
Launcher Type: SUN_STANDARD

Environment Variables:
JAVA_HOME=C:\Program Files\Java\jdk1.8.0_25
CLASSPATH=.;C:\Program Files\Java\jdk1.8.0_25\lib\dt.jar;C:\Program Files\Java\jdk1.8.0_25\lib\tools.jar
PATH=C:\Program Files (x86)\Common Files\NetSarang;C:\Windows\system32;C:\Windows;C:\Windows\System32\Wbem;C:\Windows\System32\WindowsPowerShell\v1.0\;C:\Program Files (x86)\Intel\OpenCL SDK\2.0\bin\x86;C:\Program Files (x86)\Intel\OpenCL SDK\2.0\bin\x64;C:\Python27;C:\Program Files\Java\jdk1.8.0_25\bin;C:\Program Files\Java\jdk1.8.0_25\jre\bin;C:\Program Files\apache-maven-3.5.2\bin;C:\Program Files\apache-tomcat-8.5.23\lib;C:\Program Files\apache-tomcat-8.5.23\bin;C:\phpwork\php\php-5.5.38;C:\Program Files\Git\cmd;C:\Program Files (x86)\NVIDIA Corporation\PhysX\Common;C:\Program Files\Git;
USERNAME=sunyin
OS=Windows_NT
PROCESSOR_IDENTIFIER=Intel64 Family 6 Model 42 Stepping 7, GenuineIntel



---------------  S Y S T E M  ---------------

OS: Windows 8.1 , 64 bit Build 9600 

CPU:total 4 (2 cores per cpu, 2 threads per core) family 6 model 42 stepping 7, cmov, cx8, fxsr, mmx, sse, sse2, sse3, ssse3, sse4.1, sse4.2, popcnt, avx, aes, clmul, ht, tsc, tscinvbit

Memory: 4k page, physical 4098092k(592856k free), swap 10494504k(4100k free)

vm_info: Java HotSpot(TM) 64-Bit Server VM (25.25-b02) for windows-amd64 JRE (1.8.0_25-b18), built on Oct  7 2014 14:25:37 by "java_re" with MS VC++ 10.0 (VS2010)

time: Sun Mar 08 18:41:21 2020
elapsed time: 0 seconds (0d 0h 0m 0s)

