#
# There is insufficient memory for the Java Runtime Environment to continue.
# Native memory allocation (malloc) failed to allocate 32744 bytes for ChunkPool::allocate
# Possible reasons:
#   The system is out of physical RAM or swap space
#   In 32 bit mode, the process size limit was hit
# Possible solutions:
#   Reduce memory load on the system
#   Increase physical memory or swap space
#   Check if swap backing store is full
#   Use 64 bit Java on a 64 bit OS
#   Decrease Java heap size (-Xmx/-Xms)
#   Decrease number of Java threads
#   Decrease Java thread stack sizes (-Xss)
#   Set larger code cache with -XX:ReservedCodeCacheSize=
# This output file may be truncated or incomplete.
#
#  Out of Memory Error (allocation.cpp:273), pid=26220, tid=35328
#
# JRE version: Java(TM) SE Runtime Environment (8.0_25-b18) (build 1.8.0_25-b18)
# Java VM: Java HotSpot(TM) 64-Bit Server VM (25.25-b02 mixed mode windows-amd64 compressed oops)
# Failed to write core dump. Minidumps are not enabled by default on client versions of Windows
#

---------------  T H R E A D  ---------------

Current thread (0x0000000014bae000):  JavaThread "C2 CompilerThread1" daemon [_thread_in_native, id=35328, stack(0x00000000165b0000,0x00000000166b0000)]

Stack: [0x00000000165b0000,0x00000000166b0000]
Native frames: (J=compiled Java code, j=interpreted, Vv=VM code, C=native code)
V  [jvm.dll+0x31667a]
V  [jvm.dll+0x267073]
V  [jvm.dll+0x267cb3]
V  [jvm.dll+0x25f5b5]
V  [jvm.dll+0xbeec1]
V  [jvm.dll+0xbf60c]
V  [jvm.dll+0x5117c0]
V  [jvm.dll+0x4f32cf]
V  [jvm.dll+0x4a533c]
V  [jvm.dll+0x4a59e5]
V  [jvm.dll+0x49edec]
V  [jvm.dll+0x4524ef]
V  [jvm.dll+0x453864]
V  [jvm.dll+0x437372]
V  [jvm.dll+0x98a02]
V  [jvm.dll+0x991f3]
V  [jvm.dll+0x22bde4]
V  [jvm.dll+0x2852fa]
C  [MSVCR100.dll+0x21d9f]
C  [MSVCR100.dll+0x21e3b]
C  [KERNEL32.DLL+0x12d92]


Current CompileTask:
C2:    251  166       4       java.io.StreamTokenizer::nextToken (1268 bytes)


---------------  P R O C E S S  ---------------

Java Threads: ( => current thread )
  0x0000000016230800 JavaThread "Service Thread" daemon [_thread_blocked, id=28764, stack(0x00000000167b0000,0x00000000168b0000)]
  0x00000000161b2800 JavaThread "C1 CompilerThread2" daemon [_thread_in_native, id=1740, stack(0x00000000166b0000,0x00000000167b0000)]
=>0x0000000014bae000 JavaThread "C2 CompilerThread1" daemon [_thread_in_native, id=35328, stack(0x00000000165b0000,0x00000000166b0000)]
  0x0000000014ba8800 JavaThread "C2 CompilerThread0" daemon [_thread_in_vm, id=16140, stack(0x00000000160b0000,0x00000000161b0000)]
  0x0000000014b5e000 JavaThread "Attach Listener" daemon [_thread_blocked, id=33920, stack(0x0000000015fb0000,0x00000000160b0000)]
  0x0000000014b5d000 JavaThread "Signal Dispatcher" daemon [_thread_blocked, id=25016, stack(0x0000000015eb0000,0x0000000015fb0000)]
  0x0000000002546000 JavaThread "Finalizer" daemon [_thread_blocked, id=1796, stack(0x0000000015db0000,0x0000000015eb0000)]
  0x000000000253d000 JavaThread "Reference Handler" daemon [_thread_blocked, id=2120, stack(0x0000000015cb0000,0x0000000015db0000)]
  0x000000000210d800 JavaThread "main" [_thread_blocked, id=32560, stack(0x0000000001fb0000,0x00000000020b0000)]

Other Threads:
  0x0000000014b16800 VMThread [stack: 0x0000000015bb0000,0x0000000015cb0000] [id=36304]
  0x0000000016233000 WatcherThread [stack: 0x00000000168b0000,0x00000000169b0000] [id=20268]

VM state:synchronizing (normal execution)

VM Mutex/Monitor currently owned by a thread:  ([mutex/lock_event])
[0x000000000210c490] Threads_lock - owner thread: 0x0000000014b16800
[0x000000000210cf90] Heap_lock - owner thread: 0x000000000210d800

Heap:
 PSYoungGen      total 2048K, used 2016K [0x00000000eb200000, 0x00000000eb480000, 0x0000000100000000)
  eden space 1536K, 100% used [0x00000000eb200000,0x00000000eb380000,0x00000000eb380000)
  from space 512K, 93% used [0x00000000eb400000,0x00000000eb478030,0x00000000eb480000)
  to   space 512K, 0% used [0x00000000eb380000,0x00000000eb380000,0x00000000eb400000)
 ParOldGen       total 5632K, used 652K [0x00000000c1600000, 0x00000000c1b80000, 0x00000000eb200000)
  object space 5632K, 11% used [0x00000000c1600000,0x00000000c16a3020,0x00000000c1b80000)
 Metaspace       used 3482K, capacity 4728K, committed 4864K, reserved 1056768K
  class space    used 379K, capacity 424K, committed 512K, reserved 1048576K

Card table byte_map: [0x0000000011910000,0x0000000011b10000] byte_map_base: 0x0000000011305000

Marking Bits: (ParMarkBitMap*) 0x00000000700fd490
 Begin Bits: [0x0000000012060000, 0x0000000013008000)
 End Bits:   [0x0000000013008000, 0x0000000013fb0000)

Polling page: 0x0000000001f30000

CodeCache: size=245760Kb used=1413Kb max_used=1424Kb free=244346Kb
 bounds [0x0000000002550000, 0x00000000027c0000, 0x0000000011550000]
 total_blobs=422 nmethods=173 adapters=163
 compilation: enabled

Compilation events (10 events):
Event: 0.205 Thread 0x00000000161b2800 nmethod 171 0x00000000026acf50 code [0x00000000026ad0c0, 0x00000000026ad2d0]
Event: 0.205 Thread 0x00000000161b2800  172       3       java.util.Arrays::copyOf (13 bytes)
Event: 0.205 Thread 0x0000000014ba8800 nmethod 168 0x00000000026b3910 code [0x00000000026b3a60, 0x00000000026b3b98]
Event: 0.205 Thread 0x0000000014ba8800  169       4       java.lang.AbstractStringBuilder::append (50 bytes)
Event: 0.205 Thread 0x00000000161b2800 nmethod 172 0x00000000026b34d0 code [0x00000000026b3640, 0x00000000026b3848]
Event: 0.210 Thread 0x00000000161b2800  173       3       sun.jvmstat.perfdata.monitor.v2_0.PerfDataBuffer::dump_entry_fixed (1 bytes)
Event: 0.211 Thread 0x00000000161b2800 nmethod 173 0x00000000026b3190 code [0x00000000026b32e0, 0x00000000026b3430]
Event: 0.211 Thread 0x00000000161b2800  177   !   3       sun.jvmstat.perfdata.monitor.v2_0.PerfDataBuffer::getNextMonitorEntry (1381 bytes)
Event: 0.211 Thread 0x0000000014ba8800 nmethod 169 0x00000000026b1410 code [0x00000000026b1560, 0x00000000026b1968]
Event: 0.219 Thread 0x0000000014ba8800  186       4       java.util.Arrays::copyOfRange (63 bytes)

GC Heap History (4 events):
Event: 0.138 GC heap before
{Heap before GC invocations=1 (full 0):
 PSYoungGen      total 2048K, used 1536K [0x00000000eb200000, 0x00000000eb480000, 0x0000000100000000)
  eden space 1536K, 100% used [0x00000000eb200000,0x00000000eb380000,0x00000000eb380000)
  from space 512K, 0% used [0x00000000eb400000,0x00000000eb400000,0x00000000eb480000)
  to   space 512K, 0% used [0x00000000eb380000,0x00000000eb380000,0x00000000eb400000)
 ParOldGen       total 5632K, used 0K [0x00000000c1600000, 0x00000000c1b80000, 0x00000000eb200000)
  object space 5632K, 0% used [0x00000000c1600000,0x00000000c1600000,0x00000000c1b80000)
 Metaspace       used 3171K, capacity 4600K, committed 4864K, reserved 1056768K
  class space    used 340K, capacity 424K, committed 512K, reserved 1048576K
Event: 0.139 GC heap after
Heap after GC invocations=1 (full 0):
 PSYoungGen      total 2048K, used 480K [0x00000000eb200000, 0x00000000eb480000, 0x0000000100000000)
  eden space 1536K, 0% used [0x00000000eb200000,0x00000000eb200000,0x00000000eb380000)
  from space 512K, 93% used [0x00000000eb380000,0x00000000eb3f8030,0x00000000eb400000)
  to   space 512K, 0% used [0x00000000eb400000,0x00000000eb400000,0x00000000eb480000)
 ParOldGen       total 5632K, used 484K [0x00000000c1600000, 0x00000000c1b80000, 0x00000000eb200000)
  object space 5632K, 8% used [0x00000000c1600000,0x00000000c1679010,0x00000000c1b80000)
 Metaspace       used 3171K, capacity 4600K, committed 4864K, reserved 1056768K
  class space    used 340K, capacity 424K, committed 512K, reserved 1048576K
}
Event: 0.203 GC heap before
{Heap before GC invocations=2 (full 0):
 PSYoungGen      total 2048K, used 2016K [0x00000000eb200000, 0x00000000eb480000, 0x0000000100000000)
  eden space 1536K, 100% used [0x00000000eb200000,0x00000000eb380000,0x00000000eb380000)
  from space 512K, 93% used [0x00000000eb380000,0x00000000eb3f8030,0x00000000eb400000)
  to   space 512K, 0% used [0x00000000eb400000,0x00000000eb400000,0x00000000eb480000)
 ParOldGen       total 5632K, used 484K [0x00000000c1600000, 0x00000000c1b80000, 0x00000000eb200000)
  object space 5632K, 8% used [0x00000000c1600000,0x00000000c1679010,0x00000000c1b80000)
 Metaspace       used 3458K, capacity 4728K, committed 4864K, reserved 1056768K
  class space    used 379K, capacity 424K, committed 512K, reserved 1048576K
Event: 0.204 GC heap after
Heap after GC invocations=2 (full 0):
 PSYoungGen      total 2048K, used 480K [0x00000000eb200000, 0x00000000eb480000, 0x0000000100000000)
  eden space 1536K, 0% used [0x00000000eb200000,0x00000000eb200000,0x00000000eb380000)
  from space 512K, 93% used [0x00000000eb400000,0x00000000eb478030,0x00000000eb480000)
  to   space 512K, 0% used [0x00000000eb380000,0x00000000eb380000,0x00000000eb400000)
 ParOldGen       total 5632K, used 652K [0x00000000c1600000, 0x00000000c1b80000, 0x00000000eb200000)
  object space 5632K, 11% used [0x00000000c1600000,0x00000000c16a3020,0x00000000c1b80000)
 Metaspace       used 3458K, capacity 4728K, committed 4864K, reserved 1056768K
  class space    used 379K, capacity 424K, committed 512K, reserved 1048576K
}

Deoptimization events (4 events):
Event: 0.140 Thread 0x000000000210d800 Uncommon trap: reason=class_check action=maybe_recompile pc=0x0000000002677c94 method=java.util.regex.Matcher.match(II)Z @ 86
Event: 0.140 Thread 0x000000000210d800 Uncommon trap: reason=class_check action=maybe_recompile pc=0x0000000002677c94 method=java.util.regex.Matcher.match(II)Z @ 86
Event: 0.140 Thread 0x000000000210d800 Uncommon trap: reason=class_check action=maybe_recompile pc=0x0000000002677c94 method=java.util.regex.Matcher.match(II)Z @ 86
Event: 0.140 Thread 0x000000000210d800 Uncommon trap: reason=class_check action=maybe_recompile pc=0x0000000002677c94 method=java.util.regex.Matcher.match(II)Z @ 86

Internal exceptions (10 events):
Event: 0.169 Thread 0x000000000210d800 Exception <a 'java/security/PrivilegedActionException'> (0x00000000eb25def0) thrown at [D:\re\workspace\8-2-build-windows-amd64-cygwin\jdk8u25\1677\hotspot\src\share\vm\prims\jvm.cpp, line 1312]
Event: 0.169 Thread 0x000000000210d800 Exception <a 'java/security/PrivilegedActionException'> (0x00000000eb25fb20) thrown at [D:\re\workspace\8-2-build-windows-amd64-cygwin\jdk8u25\1677\hotspot\src\share\vm\prims\jvm.cpp, line 1312]
Event: 0.170 Thread 0x000000000210d800 Exception <a 'java/security/PrivilegedActionException'> (0x00000000eb261fa8) thrown at [D:\re\workspace\8-2-build-windows-amd64-cygwin\jdk8u25\1677\hotspot\src\share\vm\prims\jvm.cpp, line 1312]
Event: 0.171 Thread 0x000000000210d800 Exception <a 'java/security/PrivilegedActionException'> (0x00000000eb266cc0) thrown at [D:\re\workspace\8-2-build-windows-amd64-cygwin\jdk8u25\1677\hotspot\src\share\vm\prims\jvm.cpp, line 1312]
Event: 0.182 Thread 0x000000000210d800 Exception <a 'java/security/PrivilegedActionException'> (0x00000000eb28a398) thrown at [D:\re\workspace\8-2-build-windows-amd64-cygwin\jdk8u25\1677\hotspot\src\share\vm\prims\jvm.cpp, line 1312]
Event: 0.182 Thread 0x000000000210d800 Exception <a 'java/security/PrivilegedActionException'> (0x00000000eb28a550) thrown at [D:\re\workspace\8-2-build-windows-amd64-cygwin\jdk8u25\1677\hotspot\src\share\vm\prims\jvm.cpp, line 1312]
Event: 0.183 Thread 0x000000000210d800 Exception <a 'java/security/PrivilegedActionException'> (0x00000000eb28e2e8) thrown at [D:\re\workspace\8-2-build-windows-amd64-cygwin\jdk8u25\1677\hotspot\src\share\vm\prims\jvm.cpp, line 1312]
Event: 0.183 Thread 0x000000000210d800 Exception <a 'java/security/PrivilegedActionException'> (0x00000000eb28e4a0) thrown at [D:\re\workspace\8-2-build-windows-amd64-cygwin\jdk8u25\1677\hotspot\src\share\vm\prims\jvm.cpp, line 1312]
Event: 0.183 Thread 0x000000000210d800 Exception <a 'java/security/PrivilegedActionException'> (0x00000000eb28f808) thrown at [D:\re\workspace\8-2-build-windows-amd64-cygwin\jdk8u25\1677\hotspot\src\share\vm\prims\jvm.cpp, line 1312]
Event: 0.188 Thread 0x000000000210d800 Exception <a 'java/security/PrivilegedActionException'> (0x00000000eb2964d0) thrown at [D:\re\workspace\8-2-build-windows-amd64-cygwin\jdk8u25\1677\hotspot\src\share\vm\prims\jvm.cpp, line 1312]

Events (10 events):
Event: 0.186 loading class sun/net/www/protocol/jar/JarURLConnection$JarURLInputStream
Event: 0.186 loading class sun/net/www/protocol/jar/JarURLConnection$JarURLInputStream done
Event: 0.186 loading class java/io/StreamTokenizer
Event: 0.187 loading class java/io/StreamTokenizer done
Event: 0.188 loading class sun/jvmstat/perfdata/monitor/AliasFileParser$Token
Event: 0.188 loading class sun/jvmstat/perfdata/monitor/AliasFileParser$Token done
Event: 0.188 loading class java/util/ArrayList$Itr
Event: 0.189 loading class java/util/ArrayList$Itr done
Event: 0.203 Executing VM operation: ParallelGCFailedAllocation
Event: 0.204 Executing VM operation: ParallelGCFailedAllocation done


Dynamic libraries:
0x00007ff7b4c70000 - 0x00007ff7b4c77000 	C:\Program Files\Java\jdk1.8.0_25\bin\jps.exe
0x00007fff6bcf0000 - 0x00007fff6beb2000 	C:\Windows\SYSTEM32\ntdll.dll
0x00007fff69d60000 - 0x00007fff69e0d000 	C:\Windows\system32\KERNEL32.DLL
0x00007fff69110000 - 0x00007fff692ed000 	C:\Windows\system32\KERNELBASE.dll
0x000000006f5c0000 - 0x000000006f692000 	C:\Program Files\Java\jdk1.8.0_25\bin\MSVCR100.dll
0x000000006f730000 - 0x000000006f75c000 	C:\Program Files\Java\jdk1.8.0_25\bin\jli.dll
0x00007fff69560000 - 0x00007fff69606000 	C:\Windows\system32\ADVAPI32.dll
0x00007fff6ba60000 - 0x00007fff6bafd000 	C:\Windows\system32\msvcrt.dll
0x00007fff6b920000 - 0x00007fff6b97b000 	C:\Windows\system32\sechost.dll
0x00007fff69670000 - 0x00007fff69796000 	C:\Windows\system32\RPCRT4.dll
0x00007fff698f0000 - 0x00007fff69a3e000 	C:\Windows\system32\USER32.dll
0x00007fff6b340000 - 0x00007fff6b4c3000 	C:\Windows\system32\GDI32.dll
0x00007fff653e0000 - 0x00007fff65654000 	C:\Windows\WinSxS\amd64_microsoft.windows.common-controls_6595b64144ccf1df_6.0.10240.17184_none_f41d7a705752bce6\COMCTL32.dll
0x00007fff69d20000 - 0x00007fff69d56000 	C:\Windows\system32\IMM32.DLL
0x00007fff6b530000 - 0x00007fff6b68c000 	C:\Windows\system32\MSCTF.dll
0x00007fff68610000 - 0x00007fff68640000 	C:\Windows\system32\nvinitx.dll
0x00007fff68600000 - 0x00007fff6860a000 	C:\Windows\SYSTEM32\VERSION.dll
0x00007fff69e10000 - 0x00007fff6b333000 	C:\Windows\system32\Shell32.dll
0x00007fff68ae0000 - 0x00007fff69109000 	C:\Windows\system32\windows.storage.dll
0x00007fff6b690000 - 0x00007fff6b90c000 	C:\Windows\system32\combase.dll
0x00007fff69610000 - 0x00007fff69661000 	C:\Windows\system32\shlwapi.dll
0x00007fff68710000 - 0x00007fff6871f000 	C:\Windows\system32\kernel.appcore.dll
0x00007fff692f0000 - 0x00007fff693a3000 	C:\Windows\system32\shcore.dll
0x00007fff68760000 - 0x00007fff687aa000 	C:\Windows\system32\powrprof.dll
0x00007fff68740000 - 0x00007fff68753000 	C:\Windows\system32\profapi.dll
0x0000000071a50000 - 0x0000000071a56000 	C:\Program Files\NVIDIA Corporation\CoProcManager\_etoured.dll
0x00007fff66a30000 - 0x00007fff66a6b000 	C:\Program Files\NVIDIA Corporation\CoProcManager\nvd3d9wrapx.dll
0x00007fff69aa0000 - 0x00007fff69c65000 	C:\Windows\system32\SETUPAPI.dll
0x00007fff68a90000 - 0x00007fff68ad4000 	C:\Windows\system32\CFGMGR32.dll
0x00007fff669d0000 - 0x00007fff669f4000 	C:\Program Files\NVIDIA Corporation\CoProcManager\nvdxgiwrapx.dll
0x0000000070180000 - 0x0000000070252000 	C:\Program Files\Java\jdk1.8.0_25\jre\bin\msvcr100.dll
0x000000006f920000 - 0x000000007017a000 	C:\Program Files\Java\jdk1.8.0_25\jre\bin\server\jvm.dll
0x00007fff6b910000 - 0x00007fff6b918000 	C:\Windows\system32\PSAPI.DLL
0x00007fff66970000 - 0x00007fff66993000 	C:\Windows\SYSTEM32\WINMM.dll
0x00007fff659b0000 - 0x00007fff659b9000 	C:\Windows\SYSTEM32\WSOCK32.dll
0x00007fff6bb20000 - 0x00007fff6bb89000 	C:\Windows\system32\WS2_32.dll
0x00007fff6bce0000 - 0x00007fff6bce8000 	C:\Windows\system32\NSI.dll
0x0000000001ed0000 - 0x0000000001efc000 	C:\Windows\SYSTEM32\WINMMBASE.dll
0x00007fff66fb0000 - 0x00007fff66fd7000 	C:\Windows\SYSTEM32\DEVOBJ.dll
0x000000006f910000 - 0x000000006f91f000 	C:\Program Files\Java\jdk1.8.0_25\jre\bin\verify.dll
0x000000006f8e0000 - 0x000000006f908000 	C:\Program Files\Java\jdk1.8.0_25\jre\bin\java.dll
0x000000006f890000 - 0x000000006f8a6000 	C:\Program Files\Java\jdk1.8.0_25\jre\bin\zip.dll
0x00007fff505f0000 - 0x00007fff5077a000 	C:\Windows\SYSTEM32\dbghelp.dll

VM Arguments:
jvm_args: -Denv.class.path=.;C:\Program Files\Java\jdk1.8.0_25\lib\dt.jar;C:\Program Files\Java\jdk1.8.0_25\lib\tools.jar -Dapplication.home=C:\Program Files\Java\jdk1.8.0_25 -Xms8m 
java_command: sun.tools.jps.Jps -l
java_class_path (initial): C:\Program Files\Java\jdk1.8.0_25/lib/tools.jar;C:\Program Files\Java\jdk1.8.0_25/classes
Launcher Type: SUN_STANDARD

Environment Variables:
JAVA_HOME=C:\Program Files\Java\jdk1.8.0_25
CLASSPATH=.;C:\Program Files\Java\jdk1.8.0_25\lib\dt.jar;C:\Program Files\Java\jdk1.8.0_25\lib\tools.jar
PATH=C:\Program Files (x86)\Common Files\NetSarang;C:\Windows\system32;C:\Windows;C:\Windows\System32\Wbem;C:\Windows\System32\WindowsPowerShell\v1.0\;C:\Program Files (x86)\Intel\OpenCL SDK\2.0\bin\x86;C:\Program Files (x86)\Intel\OpenCL SDK\2.0\bin\x64;C:\Python27;C:\Program Files\Java\jdk1.8.0_25\bin;C:\Program Files\Java\jdk1.8.0_25\jre\bin;C:\Program Files\apache-maven-3.5.2\bin;C:\Program Files\apache-tomcat-8.5.23\lib;C:\Program Files\apache-tomcat-8.5.23\bin;C:\phpwork\php\php-5.5.38;C:\Program Files\Git\cmd;C:\Program Files (x86)\NVIDIA Corporation\PhysX\Common;C:\Program Files\Git;
USERNAME=sunyin
OS=Windows_NT
PROCESSOR_IDENTIFIER=Intel64 Family 6 Model 42 Stepping 7, GenuineIntel



---------------  S Y S T E M  ---------------

OS: Windows 8.1 , 64 bit Build 9600 

CPU:total 4 (2 cores per cpu, 2 threads per core) family 6 model 42 stepping 7, cmov, cx8, fxsr, mmx, sse, sse2, sse3, ssse3, sse4.1, sse4.2, popcnt, avx, aes, clmul, ht, tsc, tscinvbit

Memory: 4k page, physical 4098092k(503260k free), swap 10494504k(868k free)

vm_info: Java HotSpot(TM) 64-Bit Server VM (25.25-b02) for windows-amd64 JRE (1.8.0_25-b18), built on Oct  7 2014 14:25:37 by "java_re" with MS VC++ 10.0 (VS2010)

time: Sun Mar 08 18:35:19 2020
elapsed time: 0 seconds (0d 0h 0m 0s)

